<?xml version="1.0" encoding="UTF-8"?>
<testng-results skipped="0" failed="0" ignored="0" total="1" passed="1">
  <reporter-output>
  </reporter-output>
  <suite name="Default suite" duration-ms="5822" started-at="2021-06-18T11:53:35 IST" finished-at="2021-06-18T11:53:41 IST">
    <groups>
    </groups>
    <test name="Default test" duration-ms="5822" started-at="2021-06-18T11:53:35 IST" finished-at="2021-06-18T11:53:41 IST">
      <class name="LoginGoogle">
        <test-method status="PASS" signature="loginpage()[pri:0, instance:LoginGoogle@6c49835d]" name="loginpage" duration-ms="5687" started-at="2021-06-18T11:53:35 IST" finished-at="2021-06-18T11:53:41 IST">
          <reporter-output>
          </reporter-output>
        </test-method> <!-- loginpage -->
      </class> <!-- LoginGoogle -->
    </test> <!-- Default test -->
  </suite> <!-- Default suite -->
</testng-results>
